<?xml version="1.0" encoding="UTF-8"?>
<!-- Generated by org.testng.reporters.JUnitXMLReporter -->
<testsuite ignored="0" hostname="LAPTOP-MK5BCJM0" failures="0" tests="4" name="Test" time="18.03" errors="0" timestamp="2024-10-17T15:32:12 BST">
  <testcase classname="testCases.TC001_AccountRegistrationTest" name="verify_account_Registration" time="4.291"/>
  <testcase classname="testCases.TC002_LoginTest" name="verify_Login" time="2.076"/>
  <testcase classname="testCases.TC004_SearchProductTest" name="verify_productSearch" time="1.115"/>
  <testcase classname="testCases.TC005_AddToCartTest" name="verify_AddToCart" time="1.661"/>
</testsuite> <!-- Test -->
