<?xml version="1.0" encoding="UTF-8"?>
<!-- Generated by org.testng.reporters.JUnitXMLReporter -->
<testsuite ignored="0" hostname="LAPTOP-MK5BCJM0" failures="0" tests="4" name="Test" time="17.421" errors="0" timestamp="2024-10-15T22:38:42 BST">
  <testcase classname="testCases.TC001_AccountRegistrationTest" name="verify_account_Registration" time="4.246"/>
  <testcase classname="testCases.TC002_LoginTest" name="verify_Login" time="2.125"/>
  <testcase classname="testCases.TC004_SearchProductTest" name="verify_productSearch" time="1.148"/>
  <testcase classname="testCases.TC005_AddToCartTest" name="verify_AddToCart" time="1.641"/>
</testsuite> <!-- Test -->
