<?xml version="1.0" encoding="UTF-8"?>
<!-- Generated by org.testng.reporters.JUnitXMLReporter -->
<testsuite ignored="0" hostname="LAPTOP-MK5BCJM0" failures="2" tests="6" name="Test" time="29.942" errors="0" timestamp="2025-01-23T13:42:01 GMT">
  <testcase classname="testCases.TC003_LoginDDT" name="verify_LoginDDT" time="2.516"/>
  <testcase classname="testCases.TC003_LoginDDT" name="verify_LoginDDT" time="2.045">
    <failure type="java.lang.AssertionError" message="expected [true] but found [false]">
      <![CDATA[java.lang.AssertionError: expected [true] but found [false]
at testCases.TC003_LoginDDT.verify_LoginDDT(TC003_LoginDDT.java:60)
at java.base/java.util.ArrayList.forEach(ArrayList.java:1596)
... Removed 29 stack frames]]>
    </failure>
  </testcase> <!-- verify_LoginDDT -->
  <testcase classname="testCases.TC003_LoginDDT" name="verify_LoginDDT" time="2.068">
    <failure type="java.lang.AssertionError" message="expected [true] but found [false]">
      <![CDATA[java.lang.AssertionError: expected [true] but found [false]
at testCases.TC003_LoginDDT.verify_LoginDDT(TC003_LoginDDT.java:60)
at java.base/java.util.ArrayList.forEach(ArrayList.java:1596)
... Removed 29 stack frames]]>
    </failure>
  </testcase> <!-- verify_LoginDDT -->
  <testcase classname="testCases.TC003_LoginDDT" name="verify_LoginDDT" time="6.205"/>
  <testcase classname="testCases.TC003_LoginDDT" name="verify_LoginDDT" time="4.706"/>
  <testcase classname="testCases.TC003_LoginDDT" name="verify_LoginDDT" time="7.026"/>
</testsuite> <!-- Test -->
