<?xml version="1.0" encoding="UTF-8"?>
<!-- Generated by org.testng.reporters.JUnitXMLReporter -->
<testsuite ignored="0" hostname="LAPTOP-MK5BCJM0" failures="0" tests="2" name="ChromeTest" time="14.196" errors="0" timestamp="2025-01-24T12:58:43 GMT">
  <testcase classname="Practice_Testcases.TC001_AccountRegistration" name="verify_Account_Registration" time="2.944"/>
  <testcase classname="Practice_Testcases.TC002_LoginTest" name="verify_LoginTest" time="1.925"/>
</testsuite> <!-- ChromeTest -->
