<?xml version="1.0" encoding="UTF-8"?>
<!-- Generated by org.testng.reporters.JUnitXMLReporter -->
<testsuite ignored="0" hostname="LAPTOP-MK5BCJM0" failures="1" tests="2" name="Test" time="16.315" errors="0" timestamp="2025-01-23T11:41:59 GMT">
  <testcase classname="testCases.TC001_AccountRegistrationTest" name="verify_account_Registration" time="2.461"/>
  <testcase classname="testCases.TC002_LoginTest" name="verify_Login" time="6.327">
    <failure type="java.lang.AssertionError" message="expected [true] but found [false]">
      <![CDATA[java.lang.AssertionError: expected [true] but found [false]
at testCases.TC002_LoginTest.verify_Login(TC002_LoginTest.java:42)
at java.base/java.util.ArrayList.forEach(ArrayList.java:1596)
... Removed 32 stack frames]]>
    </failure>
  </testcase> <!-- verify_Login -->
</testsuite> <!-- Test -->
