<?xml version="1.0" encoding="UTF-8"?>
<testng-results ignored="0" total="4" passed="4" failed="0" skipped="0">
  <reporter-output>
  </reporter-output>
  <suite started-at="2024-10-17T15:31:53 BST" name="Master Suite" finished-at="2024-10-17T15:32:11 BST" duration-ms="18030">
    <groups>
      <group name="Master">
        <method signature="TC001_AccountRegistrationTest.verify_account_Registration()[pri:0, instance:testCases.TC001_AccountRegistrationTest@1e461e41]" name="verify_account_Registration" class="testCases.TC001_AccountRegistrationTest"/>
        <method signature="TC002_LoginTest.verify_Login()[pri:0, instance:testCases.TC002_LoginTest@4b23c30a]" name="verify_Login" class="testCases.TC002_LoginTest"/>
      </group> <!-- Master -->
      <group name="Sanity">
        <method signature="TC001_AccountRegistrationTest.verify_account_Registration()[pri:0, instance:testCases.TC001_AccountRegistrationTest@1e461e41]" name="verify_account_Registration" class="testCases.TC001_AccountRegistrationTest"/>
      </group> <!-- Sanity -->
      <group name="Regression">
        <method signature="TC002_LoginTest.verify_Login()[pri:0, instance:testCases.TC002_LoginTest@4b23c30a]" name="verify_Login" class="testCases.TC002_LoginTest"/>
      </group> <!-- Regression -->
      <group name="master">
        <method signature="TC004_SearchProductTest.verify_productSearch()[pri:0, instance:testCases.TC004_SearchProductTest@38089a5a]" name="verify_productSearch" class="testCases.TC004_SearchProductTest"/>
        <method signature="TC005_AddToCartTest.verify_AddToCart()[pri:0, instance:testCases.TC005_AddToCartTest@30e868be]" name="verify_AddToCart" class="testCases.TC005_AddToCartTest"/>
      </group> <!-- master -->
    </groups>
    <test started-at="2024-10-17T15:31:53 BST" name="Test" finished-at="2024-10-17T15:32:11 BST" duration-ms="18030">
      <class name="testCases.TC004_SearchProductTest">
        <test-method is-config="true" signature="setUp(java.lang.String,java.lang.String)[pri:0, instance:testCases.TC004_SearchProductTest@38089a5a]" started-at="2024-10-17T15:32:05 BST" name="setUp" finished-at="2024-10-17T15:32:07 BST" duration-ms="1869" status="PASS">
          <params>
            <param index="0">
              <value>
                <![CDATA[windows]]>
              </value>
            </param>
            <param index="1">
              <value>
                <![CDATA[chrome]]>
              </value>
            </param>
          </params>
          <reporter-output>
          </reporter-output>
        </test-method> <!-- setUp -->
        <test-method signature="verify_productSearch()[pri:0, instance:testCases.TC004_SearchProductTest@38089a5a]" started-at="2024-10-17T15:32:07 BST" name="verify_productSearch" finished-at="2024-10-17T15:32:08 BST" duration-ms="1115" status="PASS">
          <reporter-output>
          </reporter-output>
        </test-method> <!-- verify_productSearch -->
        <test-method is-config="true" signature="tearDown()[pri:0, instance:testCases.TC004_SearchProductTest@38089a5a]" started-at="2024-10-17T15:32:08 BST" name="tearDown" finished-at="2024-10-17T15:32:08 BST" duration-ms="168" status="PASS">
          <reporter-output>
          </reporter-output>
        </test-method> <!-- tearDown -->
      </class> <!-- testCases.TC004_SearchProductTest -->
      <class name="testCases.TC002_LoginTest">
        <test-method is-config="true" signature="setUp(java.lang.String,java.lang.String)[pri:0, instance:testCases.TC002_LoginTest@4b23c30a]" started-at="2024-10-17T15:32:00 BST" name="setUp" finished-at="2024-10-17T15:32:02 BST" duration-ms="2074" status="PASS">
          <params>
            <param index="0">
              <value>
                <![CDATA[windows]]>
              </value>
            </param>
            <param index="1">
              <value>
                <![CDATA[chrome]]>
              </value>
            </param>
          </params>
          <reporter-output>
          </reporter-output>
        </test-method> <!-- setUp -->
        <test-method signature="verify_Login()[pri:0, instance:testCases.TC002_LoginTest@4b23c30a]" started-at="2024-10-17T15:32:02 BST" name="verify_Login" finished-at="2024-10-17T15:32:04 BST" duration-ms="2076" status="PASS">
          <reporter-output>
          </reporter-output>
        </test-method> <!-- verify_Login -->
        <test-method is-config="true" signature="tearDown()[pri:0, instance:testCases.TC002_LoginTest@4b23c30a]" started-at="2024-10-17T15:32:04 BST" name="tearDown" finished-at="2024-10-17T15:32:05 BST" duration-ms="267" status="PASS">
          <reporter-output>
          </reporter-output>
        </test-method> <!-- tearDown -->
      </class> <!-- testCases.TC002_LoginTest -->
      <class name="testCases.TC001_AccountRegistrationTest">
        <test-method is-config="true" signature="setUp(java.lang.String,java.lang.String)[pri:0, instance:testCases.TC001_AccountRegistrationTest@1e461e41]" started-at="2024-10-17T15:31:53 BST" name="setUp" finished-at="2024-10-17T15:31:56 BST" duration-ms="2191" status="PASS">
          <params>
            <param index="0">
              <value>
                <![CDATA[windows]]>
              </value>
            </param>
            <param index="1">
              <value>
                <![CDATA[chrome]]>
              </value>
            </param>
          </params>
          <reporter-output>
          </reporter-output>
        </test-method> <!-- setUp -->
        <test-method signature="verify_account_Registration()[pri:0, instance:testCases.TC001_AccountRegistrationTest@1e461e41]" started-at="2024-10-17T15:31:56 BST" name="verify_account_Registration" finished-at="2024-10-17T15:32:00 BST" duration-ms="4291" status="PASS">
          <reporter-output>
          </reporter-output>
        </test-method> <!-- verify_account_Registration -->
        <test-method is-config="true" signature="tearDown()[pri:0, instance:testCases.TC001_AccountRegistrationTest@1e461e41]" started-at="2024-10-17T15:32:00 BST" name="tearDown" finished-at="2024-10-17T15:32:00 BST" duration-ms="329" status="PASS">
          <reporter-output>
          </reporter-output>
        </test-method> <!-- tearDown -->
      </class> <!-- testCases.TC001_AccountRegistrationTest -->
      <class name="testCases.TC005_AddToCartTest">
        <test-method is-config="true" signature="setUp(java.lang.String,java.lang.String)[pri:0, instance:testCases.TC005_AddToCartTest@30e868be]" started-at="2024-10-17T15:32:08 BST" name="setUp" finished-at="2024-10-17T15:32:09 BST" duration-ms="1495" status="PASS">
          <params>
            <param index="0">
              <value>
                <![CDATA[windows]]>
              </value>
            </param>
            <param index="1">
              <value>
                <![CDATA[chrome]]>
              </value>
            </param>
          </params>
          <reporter-output>
          </reporter-output>
        </test-method> <!-- setUp -->
        <test-method signature="verify_AddToCart()[pri:0, instance:testCases.TC005_AddToCartTest@30e868be]" started-at="2024-10-17T15:32:09 BST" name="verify_AddToCart" finished-at="2024-10-17T15:32:11 BST" duration-ms="1661" status="PASS">
          <reporter-output>
          </reporter-output>
        </test-method> <!-- verify_AddToCart -->
        <test-method is-config="true" signature="tearDown()[pri:0, instance:testCases.TC005_AddToCartTest@30e868be]" started-at="2024-10-17T15:32:11 BST" name="tearDown" finished-at="2024-10-17T15:32:11 BST" duration-ms="219" status="PASS">
          <reporter-output>
          </reporter-output>
        </test-method> <!-- tearDown -->
      </class> <!-- testCases.TC005_AddToCartTest -->
    </test> <!-- Test -->
  </suite> <!-- Master Suite -->
</testng-results>
